<?xml version="1.0" encoding="UTF-8"?>
<testng-results skipped="0" failed="0" total="6" passed="6">
  <reporter-output>
  </reporter-output>
  <suite name="XX系统" duration-ms="1216" started-at="2019-06-21T01:53:18Z" finished-at="2019-06-21T01:53:20Z">
    <groups>
    </groups>
    <test name="YY" duration-ms="1216" started-at="2019-06-21T01:53:18Z" finished-at="2019-06-21T01:53:20Z">
      <class name="com.homework.v1.cases.RegisterCase">
        <test-method status="PASS" signature="test(java.lang.String, java.lang.String, java.lang.String, java.lang.String, java.lang.String)[pri:0, instance:com.homework.v1.cases.RegisterCase@32d992b2]" name="test" duration-ms="625" started-at="2019-06-21T09:53:18Z" data-provider="datas" finished-at="2019-06-21T09:53:19Z">
          <params>
            <param index="0">
              <value>
                <![CDATA[http://test.lemonban.com/futureloan/mvc/api/member/register]]>
              </value>
            </param>
            <param index="1">
              <value>
                <![CDATA[post]]>
              </value>
            </param>
            <param index="2">
              <value>
                <![CDATA[form]]>
              </value>
            </param>
            <param index="3">
              <value>
                <![CDATA[18813989449]]>
              </value>
            </param>
            <param index="4">
              <value>
                <![CDATA[]]>
              </value>
            </param>
          </params>
          <reporter-output>
          </reporter-output>
        </test-method> <!-- test -->
        <test-method status="PASS" signature="test(java.lang.String, java.lang.String, java.lang.String, java.lang.String, java.lang.String)[pri:0, instance:com.homework.v1.cases.RegisterCase@32d992b2]" name="test" duration-ms="76" started-at="2019-06-21T09:53:19Z" data-provider="datas" finished-at="2019-06-21T09:53:19Z">
          <params>
            <param index="0">
              <value>
                <![CDATA[http://test.lemonban.com/futureloan/mvc/api/member/register]]>
              </value>
            </param>
            <param index="1">
              <value>
                <![CDATA[post]]>
              </value>
            </param>
            <param index="2">
              <value>
                <![CDATA[form]]>
              </value>
            </param>
            <param index="3">
              <value>
                <![CDATA[]]>
              </value>
            </param>
            <param index="4">
              <value>
                <![CDATA[123456]]>
              </value>
            </param>
          </params>
          <reporter-output>
          </reporter-output>
        </test-method> <!-- test -->
        <test-method status="PASS" signature="test(java.lang.String, java.lang.String, java.lang.String, java.lang.String, java.lang.String)[pri:0, instance:com.homework.v1.cases.RegisterCase@32d992b2]" name="test" duration-ms="81" started-at="2019-06-21T09:53:19Z" data-provider="datas" finished-at="2019-06-21T09:53:19Z">
          <params>
            <param index="0">
              <value>
                <![CDATA[http://test.lemonban.com/futureloan/mvc/api/member/register]]>
              </value>
            </param>
            <param index="1">
              <value>
                <![CDATA[post]]>
              </value>
            </param>
            <param index="2">
              <value>
                <![CDATA[form]]>
              </value>
            </param>
            <param index="3">
              <value>
                <![CDATA[123]]>
              </value>
            </param>
            <param index="4">
              <value>
                <![CDATA[123456]]>
              </value>
            </param>
          </params>
          <reporter-output>
          </reporter-output>
        </test-method> <!-- test -->
        <test-method status="PASS" signature="test(java.lang.String, java.lang.String, java.lang.String, java.lang.String, java.lang.String)[pri:0, instance:com.homework.v1.cases.RegisterCase@32d992b2]" name="test" duration-ms="117" started-at="2019-06-21T09:53:19Z" data-provider="datas" finished-at="2019-06-21T09:53:19Z">
          <params>
            <param index="0">
              <value>
                <![CDATA[http://test.lemonban.com/futureloan/mvc/api/member/register]]>
              </value>
            </param>
            <param index="1">
              <value>
                <![CDATA[post]]>
              </value>
            </param>
            <param index="2">
              <value>
                <![CDATA[form]]>
              </value>
            </param>
            <param index="3">
              <value>
                <![CDATA[18813989449]]>
              </value>
            </param>
            <param index="4">
              <value>
                <![CDATA[12345]]>
              </value>
            </param>
          </params>
          <reporter-output>
          </reporter-output>
        </test-method> <!-- test -->
        <test-method status="PASS" signature="test(java.lang.String, java.lang.String, java.lang.String, java.lang.String, java.lang.String)[pri:0, instance:com.homework.v1.cases.RegisterCase@32d992b2]" name="test" duration-ms="150" started-at="2019-06-21T09:53:19Z" data-provider="datas" finished-at="2019-06-21T09:53:19Z">
          <params>
            <param index="0">
              <value>
                <![CDATA[http://test.lemonban.com/futureloan/mvc/api/member/register]]>
              </value>
            </param>
            <param index="1">
              <value>
                <![CDATA[post]]>
              </value>
            </param>
            <param index="2">
              <value>
                <![CDATA[form]]>
              </value>
            </param>
            <param index="3">
              <value>
                <![CDATA[18813989449]]>
              </value>
            </param>
            <param index="4">
              <value>
                <![CDATA[123456]]>
              </value>
            </param>
          </params>
          <reporter-output>
          </reporter-output>
        </test-method> <!-- test -->
        <test-method status="PASS" signature="test(java.lang.String, java.lang.String, java.lang.String, java.lang.String, java.lang.String)[pri:0, instance:com.homework.v1.cases.RegisterCase@32d992b2]" name="test" duration-ms="140" started-at="2019-06-21T09:53:19Z" data-provider="datas" finished-at="2019-06-21T09:53:20Z">
          <params>
            <param index="0">
              <value>
                <![CDATA[http://test.lemonban.com/futureloan/mvc/api/member/register]]>
              </value>
            </param>
            <param index="1">
              <value>
                <![CDATA[post]]>
              </value>
            </param>
            <param index="2">
              <value>
                <![CDATA[form]]>
              </value>
            </param>
            <param index="3">
              <value>
                <![CDATA[18813989449]]>
              </value>
            </param>
            <param index="4">
              <value>
                <![CDATA[123456]]>
              </value>
            </param>
          </params>
          <reporter-output>
          </reporter-output>
        </test-method> <!-- test -->
      </class> <!-- com.homework.v1.cases.RegisterCase -->
    </test> <!-- YY -->
  </suite> <!-- XX系统 -->
</testng-results>
