<?xml version="1.0" encoding="UTF-8"?>
<!-- Generated by org.testng.reporters.JUnitXMLReporter -->
<testsuite hostname="Yct201905231751" name="YY" tests="6" failures="0" timestamp="21 Jun 2019 01:53:20 GMT" time="1.216" errors="0">
  <testcase name="test" time="0.625" classname="com.homework.v1.cases.RegisterCase"/>
  <testcase name="test" time="0.076" classname="com.homework.v1.cases.RegisterCase"/>
  <testcase name="test" time="0.081" classname="com.homework.v1.cases.RegisterCase"/>
  <testcase name="test" time="0.117" classname="com.homework.v1.cases.RegisterCase"/>
  <testcase name="test" time="0.15" classname="com.homework.v1.cases.RegisterCase"/>
  <testcase name="test" time="0.14" classname="com.homework.v1.cases.RegisterCase"/>
</testsuite> <!-- YY -->
